[HMR] connected node_modules_next_dist_7a8122d0._.js:2288:28
SES Removing unpermitted intrinsics lockdown-install.js:1:203117
  Removing intrinsics.%MapPrototype%.getOrInsert lockdown-install.js:1:202962
  Removing intrinsics.%MapPrototype%.getOrInsertComputed lockdown-install.js:1:202962
  Removing intrinsics.%WeakMapPrototype%.getOrInsert lockdown-install.js:1:202962
  Removing intrinsics.%WeakMapPrototype%.getOrInsertComputed lockdown-install.js:1:202962
  Removing intrinsics.%DatePrototype%.toTemporalInstant lockdown-install.js:1:202962
Download the React DevTools for a better development experience: https://react.dev/link/react-devtools node_modules_next_dist_7a8122d0._.js:2288:28
 Server  [Layout] Loading workspace: adamaubrypro node_modules_next_dist_7a8122d0._.js:2288:28
 Server  [Display] NodePage: Rendering page for path "contents" in workspace "adamaubrypro" node_modules_next_dist_7a8122d0._.js:2288:28
 Server  [Layout] Workspace loaded: workspaces:h58eddih3cw4hx8e3oxl node_modules_next_dist_7a8122d0._.js:2288:28
 Server  [Layout] Fetching all page nodes for navigation... node_modules_next_dist_7a8122d0._.js:2288:28
 Server  [Display] getAllNodes: Fetching page nodes for workspace workspaces:h58eddih3cw4hx8e3oxl node_modules_next_dist_7a8122d0._.js:2288:28
 Server  [Display] NodePage: Workspace found workspaces:h58eddih3cw4hx8e3oxl node_modules_next_dist_7a8122d0._.js:2288:28
 Server  [Display] getNodeByPath: Looking for path [contents] node_modules_next_dist_7a8122d0._.js:2288:28
 Server  [Display] getNodeByPath: Looking up page_name: "contents" node_modules_next_dist_7a8122d0._.js:2288:28
 Server  [Display] getAllNodes: Found 313 page nodes node_modules_next_dist_7a8122d0._.js:2288:28
 Server  [Layout] Loaded 313 page nodes for sidebar navigation node_modules_next_dist_7a8122d0._.js:2288:28
 Server  [Display] getNodeByPath: Matched "contents" to [contents] node_modules_next_dist_7a8122d0._.js:2288:28
 Server  [Display] NodePage: Node found "undefined" (nodes:⟨017274b9-fb9e-2cea-79aa-6ccb7f0053d7⟩), isPage=false node_modules_next_dist_7a8122d0._.js:2288:28
 Server  [Display] NodePage: Loaded tree for page "contents" node_modules_next_dist_7a8122d0._.js:2288:28
[Display] Sidebar initialized with 313 page nodes node_modules_next_dist_7a8122d0._.js:2288:28
[Display] buildTree: Processing 313 page nodes node_modules_next_dist_7a8122d0._.js:2288:28
[Display] Sidebar initialized with 313 page nodes node_modules_next_dist_7a8122d0._.js:2288:28
[Display] buildTree: Processing 313 page nodes node_modules_next_dist_7a8122d0._.js:2288:28
[Display] TOC: Fetching for pagePath: contents 2 node_modules_next_dist_7a8122d0._.js:2288:28
[HMR] connected node_modules_next_dist_7a8122d0._.js:2288:28
[Fast Refresh] rebuilding node_modules_next_dist_7a8122d0._.js:2288:28
[Fast Refresh] done in 759ms node_modules_next_dist_7a8122d0._.js:2288:28
[Display] TOC: API response status: 200 node_modules_next_dist_7a8122d0._.js:2288:28
[Display] TOC: Page title: undefined node_modules_next_dist_7a8122d0._.js:2288:28
[Display] TOC: Heading from metadata: null node_modules_next_dist_7a8122d0._.js:2288:28
[Display] TOC: No heading metadata found node_modules_next_dist_7a8122d0._.js:2288:28
[Display] TOC: API response status: 200 node_modules_next_dist_7a8122d0._.js:2288:28
[Display] TOC: Page title: undefined node_modules_next_dist_7a8122d0._.js:2288:28
[Display] TOC: Heading from metadata: null node_modules_next_dist_7a8122d0._.js:2288:28
[Display] TOC: No heading metadata found node_modules_next_dist_7a8122d0._.js:2288:28
